<?xml version='1.0' encoding='UTF-8'?>
<testsuite hostname="DT08164" name="com.raphaelln.sample.SampleSpec" tests="2" errors="0" failures="0" time="0.016">
                     <properties>
[...]
</properties>
                     <testcase classname="com.raphaelln.sample.SampleSpec" name="average is 3" time="0.016">
                                                 
                                               </testcase><testcase classname="com.raphaelln.sample.SampleSpec" name="average must not be 3" time="0.0">
                                                 
                                               </testcase>
                     <system-out></system-out>
                     <system-err></system-err>
                   </testsuite>